2017/03/29 20:17:22 INFO  - jmeter.util.JMeterUtils: Setting Locale to en_US 
2017/03/29 20:17:22 INFO  - jmeter.JMeter: Loading user properties from: /home/serdyuk/workSpace/jMeter/bin/user.properties 
2017/03/29 20:17:22 INFO  - jmeter.JMeter: Loading system properties from: /home/serdyuk/workSpace/jMeter/bin/system.properties 
2017/03/29 20:17:22 INFO  - jmeter.JMeter: Copyright (c) 1998-2016 The Apache Software Foundation 
2017/03/29 20:17:22 INFO  - jmeter.JMeter: Version 3.1 r1770033 
2017/03/29 20:17:22 INFO  - jmeter.JMeter: java.version=1.8.0_121 
2017/03/29 20:17:22 INFO  - jmeter.JMeter: java.vm.name=Java HotSpot(TM) 64-Bit Server VM 
2017/03/29 20:17:22 INFO  - jmeter.JMeter: os.name=Linux 
2017/03/29 20:17:22 INFO  - jmeter.JMeter: os.arch=amd64 
2017/03/29 20:17:22 INFO  - jmeter.JMeter: os.version=4.4.0-47-generic 
2017/03/29 20:17:22 INFO  - jmeter.JMeter: file.encoding=UTF-8 
2017/03/29 20:17:22 INFO  - jmeter.JMeter: Max memory     =1838153728 
2017/03/29 20:17:22 INFO  - jmeter.JMeter: Available Processors =4 
2017/03/29 20:17:22 INFO  - jmeter.JMeter: Default Locale=English (United States) 
2017/03/29 20:17:22 INFO  - jmeter.JMeter: JMeter  Locale=English (United States) 
2017/03/29 20:17:22 INFO  - jmeter.JMeter: JMeterHome=/home/serdyuk/workSpace/jMeter 
2017/03/29 20:17:22 INFO  - jmeter.JMeter: user.dir  =/home/serdyuk/workSpace/jMeter/bin 
2017/03/29 20:17:22 INFO  - jmeter.JMeter: PWD       =/home/serdyuk/workSpace/jMeter/bin 
2017/03/29 20:17:22 INFO  - jmeter.JMeter: IP: 127.0.1.1 Name: serdyuk-lap FullName: serdyuk-lap 
2017/03/29 20:17:22 INFO  - jmeter.gui.action.LookAndFeelCommand: Using look and feel: javax.swing.plaf.metal.MetalLookAndFeel [Metal, CrossPlatform] 
2017/03/29 20:17:22 INFO  - jmeter.JMeter: Loaded icon properties from org/apache/jmeter/images/icon.properties 
2017/03/29 20:17:23 INFO  - jmeter.engine.util.CompoundVariable: Note: Function class names must contain the string: '.functions.' 
2017/03/29 20:17:23 INFO  - jmeter.engine.util.CompoundVariable: Note: Function class names must not contain the string: '.gui.' 
2017/03/29 20:17:25 INFO  - org.jmeterplugins.repository.PluginManager: Plugins Status: [jpgc-graphs-basic=2.0, jpgc-sense=2.4, jpgc-functions=2.0, jpgc-casutg=2.1, jpgc-dummy=0.2, jmeter-ftp=3.1, jpgc-ffw=2.0, jmeter-http=3.1, jpgc-fifo=0.2, jmeter-jdbc=3.1, jmeter-jms=3.1, jmeter-core=3.1, jmeter-junit=3.1, jmeter-java=3.1, jmeter-ldap=3.1, jmeter-mail=3.1, jmeter-mongodb=3.1, jmeter-native=3.1, jpgc-perfmon=2.1, jpgc-plugins-manager=0.12, jmeter-tcp=3.1, jpgc-tst=2.0, jmeter-components=3.1, jpgc-standard=2.0] 
2017/03/29 20:17:26 INFO  - jmeter.gui.util.MenuFactory: Skipping org.apache.jmeter.assertions.BSFAssertion 
2017/03/29 20:17:26 INFO  - jmeter.gui.util.MenuFactory: Skipping org.apache.jmeter.extractor.BSFPostProcessor 
2017/03/29 20:17:26 INFO  - jmeter.gui.util.MenuFactory: Skipping org.apache.jmeter.modifiers.BSFPreProcessor 
2017/03/29 20:17:26 INFO  - jmeter.protocol.http.sampler.HTTPSamplerBase: Parser for text/html is org.apache.jmeter.protocol.http.parser.LagartoBasedHtmlParser 
2017/03/29 20:17:26 INFO  - jmeter.protocol.http.sampler.HTTPSamplerBase: Parser for application/xhtml+xml is org.apache.jmeter.protocol.http.parser.LagartoBasedHtmlParser 
2017/03/29 20:17:26 INFO  - jmeter.protocol.http.sampler.HTTPSamplerBase: Parser for application/xml is org.apache.jmeter.protocol.http.parser.LagartoBasedHtmlParser 
2017/03/29 20:17:26 INFO  - jmeter.protocol.http.sampler.HTTPSamplerBase: Parser for text/xml is org.apache.jmeter.protocol.http.parser.LagartoBasedHtmlParser 
2017/03/29 20:17:26 INFO  - jmeter.protocol.http.sampler.HTTPSamplerBase: Parser for text/vnd.wap.wml is org.apache.jmeter.protocol.http.parser.RegexpHTMLParser 
2017/03/29 20:17:26 INFO  - jmeter.protocol.http.sampler.HTTPSamplerBase: Parser for text/css is org.apache.jmeter.protocol.http.parser.CssParser 
2017/03/29 20:17:27 INFO  - jorphan.exec.KeyToolUtils: keytool found at 'keytool' 
2017/03/29 20:17:27 INFO  - jmeter.protocol.http.proxy.ProxyControl: HTTP(S) Test Script Recorder SSL Proxy will use keys that support embedded 3rd party resources in file /home/serdyuk/workSpace/jMeter/bin/proxyserver.jks 
2017/03/29 20:17:27 INFO  - jmeter.gui.util.MenuFactory: Skipping org.apache.jmeter.protocol.java.sampler.BSFSampler 
2017/03/29 20:17:27 INFO  - jmeter.gui.util.MenuFactory: Skipping org.apache.jmeter.protocol.mongodb.config.MongoSourceElement 
2017/03/29 20:17:27 INFO  - jmeter.gui.util.MenuFactory: Skipping org.apache.jmeter.protocol.mongodb.sampler.MongoScriptSampler 
2017/03/29 20:17:27 INFO  - jmeter.gui.util.MenuFactory: Skipping org.apache.jmeter.timers.BSFTimer 
2017/03/29 20:17:27 INFO  - jmeter.gui.util.MenuFactory: Skipping org.apache.jmeter.visualizers.BSFListener 
2017/03/29 20:17:27 INFO  - jmeter.gui.util.MenuFactory: Skipping org.apache.jmeter.visualizers.MonitorHealthVisualizer 
2017/03/29 20:17:27 INFO  - jmeter.samplers.SampleResult: Note: Sample TimeStamps are START times 
2017/03/29 20:17:27 INFO  - jmeter.samplers.SampleResult: sampleresult.default.encoding is set to ISO-8859-1 
2017/03/29 20:17:27 INFO  - jmeter.samplers.SampleResult: sampleresult.useNanoTime=true 
2017/03/29 20:17:27 INFO  - jmeter.samplers.SampleResult: sampleresult.nanoThreadSleep=5000 
2017/03/29 20:17:33 INFO  - jmeter.services.FileServer: Default base='/home/serdyuk/workSpace/jMeter/bin' 
2017/03/29 20:17:33 INFO  - jmeter.gui.action.Load: Loading file: /home/serdyuk/workSpace/jMeter/tst/meta.ua.jmx 
2017/03/29 20:17:33 INFO  - jmeter.services.FileServer: Set new base='/home/serdyuk/workSpace/jMeter/tst' 
2017/03/29 20:17:33 INFO  - jmeter.save.SaveService: Testplan (JMX) version: 2.2. Testlog (JTL) version: 2.2 
2017/03/29 20:17:33 INFO  - jmeter.save.SaveService: Using SaveService properties file encoding UTF-8 
2017/03/29 20:17:33 INFO  - jmeter.save.SaveService: Using SaveService properties version 3.1 
2017/03/29 20:17:33 INFO  - jmeter.save.SaveService: All converter versions present and correct 
2017/03/29 20:17:33 INFO  - jmeter.save.SaveService: Loading file: /home/serdyuk/workSpace/jMeter/tst/meta.ua.jmx 
2017/03/29 20:17:34 INFO  - jmeter.services.FileServer: Set new base='/home/serdyuk/workSpace/jMeter/tst' 
2017/03/29 20:19:59 INFO  - jmeter.engine.StandardJMeterEngine: Running the test! 
2017/03/29 20:19:59 INFO  - jmeter.samplers.SampleEvent: List of sample_variables: [] 
2017/03/29 20:19:59 INFO  - jmeter.samplers.SampleEvent: List of sample_variables: [] 
2017/03/29 20:19:59 INFO  - jmeter.gui.util.JMeterMenuBar: setRunning(true,*local*) 
2017/03/29 20:19:59 INFO  - jmeter.engine.StandardJMeterEngine: Starting ThreadGroup: 1 : meta.ua 
2017/03/29 20:19:59 INFO  - jmeter.engine.StandardJMeterEngine: Starting 10 threads for group meta.ua. 
2017/03/29 20:19:59 INFO  - jmeter.engine.StandardJMeterEngine: Thread will continue on error 
2017/03/29 20:19:59 INFO  - jmeter.threads.ThreadGroup: Starting thread group number 1 threads 10 ramp-up 1 perThread 100.0 delayedStart=false 
2017/03/29 20:19:59 INFO  - jmeter.threads.JMeterThread: Thread started: meta.ua 1-1 
2017/03/29 20:19:59 INFO  - jmeter.services.FileServer: Stored: /home/serdyuk/workSpace/jMeter/tst/users.csv 
2017/03/29 20:19:59 INFO  - jmeter.protocol.http.sampler.HTTPHCAbstractImpl: Local host = serdyuk-lap 
2017/03/29 20:19:59 INFO  - jmeter.protocol.http.sampler.HTTPHC4Impl: HTTP request retry count = 0 
2017/03/29 20:19:59 INFO  - jmeter.threads.ThreadGroup: Started thread group number 1 
2017/03/29 20:19:59 INFO  - jmeter.engine.StandardJMeterEngine: All thread groups have been started 
2017/03/29 20:19:59 INFO  - jmeter.threads.JMeterThread: Thread started: meta.ua 1-2 
2017/03/29 20:19:59 INFO  - jmeter.threads.JMeterThread: Thread started: meta.ua 1-3 
2017/03/29 20:19:59 INFO  - jmeter.threads.JMeterThread: Thread started: meta.ua 1-4 
2017/03/29 20:19:59 INFO  - jmeter.threads.JMeterThread: Thread started: meta.ua 1-5 
2017/03/29 20:20:00 INFO  - jmeter.threads.JMeterThread: Thread started: meta.ua 1-6 
2017/03/29 20:20:00 INFO  - jmeter.threads.JMeterThread: Thread started: meta.ua 1-7 
2017/03/29 20:20:00 INFO  - jmeter.threads.JMeterThread: Thread started: meta.ua 1-8 
2017/03/29 20:20:00 INFO  - jmeter.threads.JMeterThread: Thread started: meta.ua 1-9 
2017/03/29 20:20:00 INFO  - jmeter.threads.JMeterThread: Thread started: meta.ua 1-10 
2017/03/29 20:20:08 INFO  - jmeter.protocol.http.sampler.LazySchemeSocketFactory: Setting up HTTPS TrustAll Socket Factory 
2017/03/29 20:20:08 INFO  - jmeter.util.JsseSSLManager: Using default SSL protocol: TLS 
2017/03/29 20:20:08 INFO  - jmeter.util.JsseSSLManager: SSL session context: per-thread 
2017/03/29 20:20:08 INFO  - jmeter.util.SSLManager: JmeterKeyStore Location:  type JKS 
2017/03/29 20:20:08 INFO  - jmeter.util.SSLManager: KeyStore created OK 
2017/03/29 20:20:08 WARN  - jmeter.util.SSLManager: Keystore file not found, loading empty keystore 
2017/03/29 20:20:10 INFO  - jmeter.threads.JMeterThread: Thread is done: meta.ua 1-6 
2017/03/29 20:20:10 INFO  - jmeter.threads.JMeterThread: Thread finished: meta.ua 1-6 
2017/03/29 20:20:10 INFO  - jmeter.threads.JMeterThread: Thread is done: meta.ua 1-4 
2017/03/29 20:20:10 INFO  - jmeter.threads.JMeterThread: Thread finished: meta.ua 1-4 
2017/03/29 20:20:10 INFO  - jmeter.threads.JMeterThread: Thread is done: meta.ua 1-5 
2017/03/29 20:20:10 INFO  - jmeter.threads.JMeterThread: Thread finished: meta.ua 1-5 
2017/03/29 20:20:10 INFO  - jmeter.threads.JMeterThread: Thread is done: meta.ua 1-7 
2017/03/29 20:20:10 INFO  - jmeter.threads.JMeterThread: Thread finished: meta.ua 1-7 
2017/03/29 20:20:10 INFO  - jmeter.threads.JMeterThread: Thread is done: meta.ua 1-9 
2017/03/29 20:20:10 INFO  - jmeter.threads.JMeterThread: Thread finished: meta.ua 1-9 
2017/03/29 20:20:10 INFO  - jmeter.threads.JMeterThread: Thread is done: meta.ua 1-1 
2017/03/29 20:20:10 INFO  - jmeter.threads.JMeterThread: Thread finished: meta.ua 1-1 
2017/03/29 20:20:10 INFO  - jmeter.threads.JMeterThread: Thread is done: meta.ua 1-2 
2017/03/29 20:20:10 INFO  - jmeter.threads.JMeterThread: Thread finished: meta.ua 1-2 
2017/03/29 20:20:10 INFO  - jmeter.threads.JMeterThread: Thread is done: meta.ua 1-3 
2017/03/29 20:20:10 INFO  - jmeter.threads.JMeterThread: Thread finished: meta.ua 1-3 
2017/03/29 20:20:10 INFO  - jmeter.threads.JMeterThread: Thread is done: meta.ua 1-8 
2017/03/29 20:20:10 INFO  - jmeter.threads.JMeterThread: Thread finished: meta.ua 1-8 
2017/03/29 20:20:10 INFO  - jmeter.threads.JMeterThread: Thread is done: meta.ua 1-10 
2017/03/29 20:20:10 INFO  - jmeter.threads.JMeterThread: Thread finished: meta.ua 1-10 
2017/03/29 20:20:10 INFO  - jmeter.engine.StandardJMeterEngine: Notifying test listeners of end of test 
2017/03/29 20:20:10 INFO  - jmeter.services.FileServer: Close: /home/serdyuk/workSpace/jMeter/tst/users.csv 
2017/03/29 20:20:10 INFO  - jmeter.gui.util.JMeterMenuBar: setRunning(false,*local*) 
2017/03/29 20:22:57 INFO  - jmeter.engine.StandardJMeterEngine: Running the test! 
2017/03/29 20:22:57 INFO  - jmeter.samplers.SampleEvent: List of sample_variables: [] 
2017/03/29 20:22:57 INFO  - jmeter.gui.util.JMeterMenuBar: setRunning(true,*local*) 
2017/03/29 20:22:57 INFO  - jmeter.engine.StandardJMeterEngine: Starting ThreadGroup: 1 : meta.ua 
2017/03/29 20:22:57 INFO  - jmeter.engine.StandardJMeterEngine: Starting 10 threads for group meta.ua. 
2017/03/29 20:22:57 INFO  - jmeter.engine.StandardJMeterEngine: Thread will continue on error 
2017/03/29 20:22:57 INFO  - jmeter.threads.ThreadGroup: Starting thread group number 1 threads 10 ramp-up 1 perThread 100.0 delayedStart=false 
2017/03/29 20:22:57 INFO  - jmeter.threads.JMeterThread: Thread started: meta.ua 1-1 
2017/03/29 20:22:57 INFO  - jmeter.services.FileServer: Stored: /home/serdyuk/workSpace/jMeter/tst/users.csv 
2017/03/29 20:22:57 INFO  - jmeter.threads.ThreadGroup: Started thread group number 1 
2017/03/29 20:22:57 INFO  - jmeter.engine.StandardJMeterEngine: All thread groups have been started 
2017/03/29 20:22:57 INFO  - jmeter.threads.JMeterThread: Thread started: meta.ua 1-2 
2017/03/29 20:22:57 INFO  - jmeter.threads.JMeterThread: Thread started: meta.ua 1-3 
2017/03/29 20:22:58 INFO  - jmeter.threads.JMeterThread: Thread started: meta.ua 1-4 
2017/03/29 20:22:58 INFO  - jmeter.threads.JMeterThread: Thread started: meta.ua 1-5 
2017/03/29 20:22:58 INFO  - jmeter.threads.JMeterThread: Thread started: meta.ua 1-6 
2017/03/29 20:22:58 INFO  - jmeter.threads.JMeterThread: Thread started: meta.ua 1-7 
2017/03/29 20:22:58 INFO  - jmeter.threads.JMeterThread: Thread started: meta.ua 1-8 
2017/03/29 20:22:58 INFO  - jmeter.threads.JMeterThread: Thread started: meta.ua 1-9 
2017/03/29 20:22:58 INFO  - jmeter.threads.JMeterThread: Thread started: meta.ua 1-10 
2017/03/29 20:24:11 INFO  - jmeter.threads.JMeterThread: Thread is done: meta.ua 1-4 
2017/03/29 20:24:11 INFO  - jmeter.threads.JMeterThread: Thread finished: meta.ua 1-4 
2017/03/29 20:24:12 INFO  - jmeter.threads.JMeterThread: Thread is done: meta.ua 1-5 
2017/03/29 20:24:12 INFO  - jmeter.threads.JMeterThread: Thread finished: meta.ua 1-5 
2017/03/29 20:24:12 INFO  - jmeter.threads.JMeterThread: Thread is done: meta.ua 1-6 
2017/03/29 20:24:12 INFO  - jmeter.threads.JMeterThread: Thread finished: meta.ua 1-6 
2017/03/29 20:24:13 INFO  - jmeter.threads.JMeterThread: Thread is done: meta.ua 1-8 
2017/03/29 20:24:13 INFO  - jmeter.threads.JMeterThread: Thread finished: meta.ua 1-8 
2017/03/29 20:24:13 INFO  - jmeter.threads.JMeterThread: Thread is done: meta.ua 1-9 
2017/03/29 20:24:13 INFO  - jmeter.threads.JMeterThread: Thread finished: meta.ua 1-9 
2017/03/29 20:24:13 INFO  - jmeter.threads.JMeterThread: Thread is done: meta.ua 1-3 
2017/03/29 20:24:13 INFO  - jmeter.threads.JMeterThread: Thread finished: meta.ua 1-3 
2017/03/29 20:24:13 INFO  - jmeter.threads.JMeterThread: Thread is done: meta.ua 1-2 
2017/03/29 20:24:13 INFO  - jmeter.threads.JMeterThread: Thread finished: meta.ua 1-2 
2017/03/29 20:24:14 INFO  - jmeter.threads.JMeterThread: Thread is done: meta.ua 1-1 
2017/03/29 20:24:14 INFO  - jmeter.threads.JMeterThread: Thread finished: meta.ua 1-1 
2017/03/29 20:24:14 INFO  - jmeter.threads.JMeterThread: Thread is done: meta.ua 1-10 
2017/03/29 20:24:14 INFO  - jmeter.threads.JMeterThread: Thread finished: meta.ua 1-10 
2017/03/29 20:24:14 INFO  - jmeter.threads.JMeterThread: Thread is done: meta.ua 1-7 
2017/03/29 20:24:14 INFO  - jmeter.threads.JMeterThread: Thread finished: meta.ua 1-7 
2017/03/29 20:24:14 INFO  - jmeter.engine.StandardJMeterEngine: Notifying test listeners of end of test 
2017/03/29 20:24:14 INFO  - jmeter.services.FileServer: Close: /home/serdyuk/workSpace/jMeter/tst/users.csv 
2017/03/29 20:24:14 INFO  - jmeter.gui.util.JMeterMenuBar: setRunning(false,*local*) 
